<?xml version="1.0" encoding="UTF-8"?>
<testng-results ignored="0" total="1" passed="1" failed="0" skipped="0">
  <reporter-output>
  </reporter-output>
  <suite started-at="2025-03-07T21:44:49 IST" name="Suite" finished-at="2025-03-07T21:45:01 IST" duration-ms="12650">
    <groups>
      <group name="rgression">
        <method signature="TC001_Login.testmethod()[pri:0, instance:testCases.TC001_Login@1bb5a082]" name="testmethod" class="testCases.TC001_Login"/>
      </group> <!-- rgression -->
    </groups>
    <test started-at="2025-03-07T21:44:49 IST" name="Test" finished-at="2025-03-07T21:45:01 IST" duration-ms="12650">
      <class name="testCases.TC001_Login">
        <test-method is-config="true" signature="setBrowser()[pri:0, instance:testCases.TC001_Login@1bb5a082]" started-at="2025-03-07T21:44:49 IST" name="setBrowser" finished-at="2025-03-07T21:44:55 IST" duration-ms="6623" status="PASS">
          <reporter-output>
          </reporter-output>
        </test-method> <!-- setBrowser -->
        <test-method signature="testmethod()[pri:0, instance:testCases.TC001_Login@1bb5a082]" started-at="2025-03-07T21:44:55 IST" name="testmethod" finished-at="2025-03-07T21:45:01 IST" duration-ms="5506" status="PASS">
          <reporter-output>
          </reporter-output>
        </test-method> <!-- testmethod -->
        <test-method is-config="true" signature="closeBrowser()[pri:0, instance:testCases.TC001_Login@1bb5a082]" started-at="2025-03-07T21:45:01 IST" name="closeBrowser" finished-at="2025-03-07T21:45:01 IST" duration-ms="252" status="PASS">
          <reporter-output>
          </reporter-output>
        </test-method> <!-- closeBrowser -->
      </class> <!-- testCases.TC001_Login -->
    </test> <!-- Test -->
  </suite> <!-- Suite -->
</testng-results>
